<?xml version="1.0" encoding="UTF-8"?>
<!-- Generated by org.testng.reporters.JUnitReportReporter -->
<testsuite hostname="LAPTOP-MS8QUSSL" failures="0" tests="5" name="jenkinspackage.jenkinsclass" time="0.003" errors="0" timestamp="2021-11-30T17:57:39 IST" skipped="0">
  <testcase classname="jenkinspackage.jenkinsclass" name="jenkinstest1" time="0.000"/>
  <system-out/>
  <testcase classname="jenkinspackage.jenkinsclass" name="jenkinstest" time="0.003"/>
  <system-out/>
  <testcase classname="jenkinspackage.jenkinsclass" name="jenkinstest3" time="0.000"/>
  <system-out/>
  <testcase classname="jenkinspackage.jenkinsclass" name="jenkinstest4" time="0.000"/>
  <system-out/>
  <testcase classname="jenkinspackage.jenkinsclass" name="jenkinstest2" time="0.000"/>
  <system-out/>
</testsuite> <!-- jenkinspackage.jenkinsclass -->
