<?xml version="1.0" encoding="UTF-8"?>
<!-- Generated by org.testng.reporters.JUnitReportReporter -->
<testsuite hostname="LAPTOP-MS8QUSSL" failures="0" tests="1" name="jenkinspackage.jenkinsclass" time="0.011" errors="0" timestamp="2021-11-30T17:05:58 IST" skipped="0">
  <testcase classname="jenkinspackage.jenkinsclass" name="jenkinstest" time="0.011"/>
  <system-out/>
</testsuite> <!-- jenkinspackage.jenkinsclass -->
