<?xml version="1.0" encoding="UTF-8"?>
<!-- Generated by org.testng.reporters.JUnitReportReporter -->
<testsuite hostname="LAPTOP-MS8QUSSL" failures="0" tests="1" name="jenkinspackage.jenkinsclass" time="0.007" errors="0" timestamp="2021-11-30T14:44:16 IST" skipped="0">
  <testcase classname="jenkinspackage.jenkinsclass" name="jenkinstest" time="0.007"/>
  <system-out/>
</testsuite> <!-- jenkinspackage.jenkinsclass -->
